<?xml version="1.0" encoding="UTF-8"?>
<testng-results skipped="0" failed="0" ignored="0" total="1" passed="1">
  <reporter-output>
  </reporter-output>
  <suite name="Default suite" duration-ms="16167" started-at="2019-08-24T04:03:05Z" finished-at="2019-08-24T04:03:21Z">
    <groups>
    </groups>
    <test name="Default test" duration-ms="16167" started-at="2019-08-24T04:03:05Z" finished-at="2019-08-24T04:03:21Z">
      <class name="AlertHandling.Alert_Handle">
        <test-method status="PASS" signature="Blaunch()[pri:0, instance:AlertHandling.Alert_Handle@6a024a67]" name="Blaunch" duration-ms="16096" started-at="2019-08-24T09:33:05Z" finished-at="2019-08-24T09:33:21Z">
          <reporter-output>
          </reporter-output>
        </test-method> <!-- Blaunch -->
      </class> <!-- AlertHandling.Alert_Handle -->
    </test> <!-- Default test -->
  </suite> <!-- Default suite -->
</testng-results>
