<?xml version="1.0" encoding="UTF-8"?>
<testng-results skipped="0" failed="1" ignored="0" total="1" passed="0">
  <reporter-output>
  </reporter-output>
  <suite name="Suite" duration-ms="11544" started-at="2019-08-24T04:16:23Z" finished-at="2019-08-24T04:16:34Z">
    <groups>
    </groups>
    <test name="Test" duration-ms="11544" started-at="2019-08-24T04:16:23Z" finished-at="2019-08-24T04:16:34Z">
      <class name="Browserlaunch">
        <test-method status="FAIL" signature="setup()[pri:0, instance:Browserlaunch@1d057a39]" name="setup" duration-ms="11451" started-at="2019-08-24T04:16:23Z" finished-at="2019-08-24T04:16:34Z">
          <exception class="org.openqa.selenium.SessionNotCreatedException">
            <message>
              <![CDATA[session not created
from chrome not reachable
  (Session info: chrome=76.0.3809.100)
Build info: version: '3.141.59', revision: 'e82be7d358', time: '2018-11-14T08:17:03'
System info: host: 'JASPREET-VAIO', ip: '192.168.1.85', os.name: 'Windows 7', os.arch: 'amd64', os.version: '6.1', java.version: '1.8.0_221'
Driver info: driver.version: ChromeDriver
remote stacktrace: Backtrace:
Ordinal0 [0x01537C93+1473683]
Ordinal0 [0x014BADB1+961969]
Ordinal0 [0x0144418C+475532]
Ordinal0 [0x0143DB1A+449306]
Ordinal0 [0x0143E1B8+451000]
Ordinal0 [0x0143F2C5+455365]
Ordinal0 [0x0143B4C5+439493]
Ordinal0 [0x01444F40+479040]
Ordinal0 [0x013F98FE+170238]
Ordinal0 [0x013F8D1D+167197]
Ordinal0 [0x013F742B+160811]
Ordinal0 [0x013E0AE6+68326]
Ordinal0 [0x013E1BF0+72688]
Ordinal0 [0x013E1B89+72585]
Ordinal0 [0x014D4B77+1067895]
GetHandleVerifier [0x015D6875+506677]
GetHandleVerifier [0x015D6610+506064]
GetHandleVerifier [0x015DD1B8+533624]
GetHandleVerifier [0x015D704A+508682]
Ordinal0 [0x014CC266+1032806]
Ordinal0 [0x014CC0DF+1032415]
Ordinal0 [0x014D6A8B+1075851]
Ordinal0 [0x014D6BF3+1076211]
Ordinal0 [0x014D5BA5+1072037]
BaseThreadInitThunk [0x76C3343D+18]
RtlInitializeExceptionChain [0x77349802+99]
RtlInitializeExceptionChain [0x773497D5+54]
]]>
            </message>
            <full-stacktrace>
              <![CDATA[org.openqa.selenium.SessionNotCreatedException: session not created
from chrome not reachable
  (Session info: chrome=76.0.3809.100)
Build info: version: '3.141.59', revision: 'e82be7d358', time: '2018-11-14T08:17:03'
System info: host: 'JASPREET-VAIO', ip: '192.168.1.85', os.name: 'Windows 7', os.arch: 'amd64', os.version: '6.1', java.version: '1.8.0_221'
Driver info: driver.version: ChromeDriver
remote stacktrace: Backtrace:
Ordinal0 [0x01537C93+1473683]
Ordinal0 [0x014BADB1+961969]
Ordinal0 [0x0144418C+475532]
Ordinal0 [0x0143DB1A+449306]
Ordinal0 [0x0143E1B8+451000]
Ordinal0 [0x0143F2C5+455365]
Ordinal0 [0x0143B4C5+439493]
Ordinal0 [0x01444F40+479040]
Ordinal0 [0x013F98FE+170238]
Ordinal0 [0x013F8D1D+167197]
Ordinal0 [0x013F742B+160811]
Ordinal0 [0x013E0AE6+68326]
Ordinal0 [0x013E1BF0+72688]
Ordinal0 [0x013E1B89+72585]
Ordinal0 [0x014D4B77+1067895]
GetHandleVerifier [0x015D6875+506677]
GetHandleVerifier [0x015D6610+506064]
GetHandleVerifier [0x015DD1B8+533624]
GetHandleVerifier [0x015D704A+508682]
Ordinal0 [0x014CC266+1032806]
Ordinal0 [0x014CC0DF+1032415]
Ordinal0 [0x014D6A8B+1075851]
Ordinal0 [0x014D6BF3+1076211]
Ordinal0 [0x014D5BA5+1072037]
BaseThreadInitThunk [0x76C3343D+18]
RtlInitializeExceptionChain [0x77349802+99]
RtlInitializeExceptionChain [0x773497D5+54]

at sun.reflect.NativeConstructorAccessorImpl.newInstance0(Native Method)
at sun.reflect.NativeConstructorAccessorImpl.newInstance(Unknown Source)
at sun.reflect.DelegatingConstructorAccessorImpl.newInstance(Unknown Source)
at java.lang.reflect.Constructor.newInstance(Unknown Source)
at org.openqa.selenium.remote.W3CHandshakeResponse.lambda$errorHandler$0(W3CHandshakeResponse.java:62)
at org.openqa.selenium.remote.HandshakeResponse.lambda$getResponseFunction$0(HandshakeResponse.java:30)
at org.openqa.selenium.remote.ProtocolHandshake.lambda$createSession$0(ProtocolHandshake.java:126)
at java.util.stream.ReferencePipeline$3$1.accept(Unknown Source)
at java.util.Spliterators$ArraySpliterator.tryAdvance(Unknown Source)
at java.util.stream.ReferencePipeline.forEachWithCancel(Unknown Source)
at java.util.stream.AbstractPipeline.copyIntoWithCancel(Unknown Source)
at java.util.stream.AbstractPipeline.copyInto(Unknown Source)
at java.util.stream.AbstractPipeline.wrapAndCopyInto(Unknown Source)
at java.util.stream.FindOps$FindOp.evaluateSequential(Unknown Source)
at java.util.stream.AbstractPipeline.evaluate(Unknown Source)
at java.util.stream.ReferencePipeline.findFirst(Unknown Source)
at org.openqa.selenium.remote.ProtocolHandshake.createSession(ProtocolHandshake.java:128)
at org.openqa.selenium.remote.ProtocolHandshake.createSession(ProtocolHandshake.java:74)
at org.openqa.selenium.remote.HttpCommandExecutor.execute(HttpCommandExecutor.java:136)
at org.openqa.selenium.remote.service.DriverCommandExecutor.execute(DriverCommandExecutor.java:83)
at org.openqa.selenium.remote.RemoteWebDriver.execute(RemoteWebDriver.java:552)
at org.openqa.selenium.remote.RemoteWebDriver.startSession(RemoteWebDriver.java:213)
at org.openqa.selenium.remote.RemoteWebDriver.<init>(RemoteWebDriver.java:131)
at org.openqa.selenium.chrome.ChromeDriver.<init>(ChromeDriver.java:181)
at org.openqa.selenium.chrome.ChromeDriver.<init>(ChromeDriver.java:168)
at org.openqa.selenium.chrome.ChromeDriver.<init>(ChromeDriver.java:123)
at Browserlaunch.setup(Browserlaunch.java:14)
at sun.reflect.NativeMethodAccessorImpl.invoke0(Native Method)
at sun.reflect.NativeMethodAccessorImpl.invoke(Unknown Source)
at sun.reflect.DelegatingMethodAccessorImpl.invoke(Unknown Source)
at java.lang.reflect.Method.invoke(Unknown Source)
at org.testng.internal.MethodInvocationHelper.invokeMethod(MethodInvocationHelper.java:124)
at org.testng.internal.Invoker.invokeMethod(Invoker.java:583)
at org.testng.internal.Invoker.invokeTestMethod(Invoker.java:719)
at org.testng.internal.Invoker.invokeTestMethods(Invoker.java:989)
at org.testng.internal.TestMethodWorker.invokeTestMethods(TestMethodWorker.java:125)
at org.testng.internal.TestMethodWorker.run(TestMethodWorker.java:109)
at org.testng.TestRunner.privateRun(TestRunner.java:648)
at org.testng.TestRunner.run(TestRunner.java:505)
at org.testng.SuiteRunner.runTest(SuiteRunner.java:455)
at org.testng.SuiteRunner.runSequentially(SuiteRunner.java:450)
at org.testng.SuiteRunner.privateRun(SuiteRunner.java:415)
at org.testng.SuiteRunner.run(SuiteRunner.java:364)
at org.testng.SuiteRunnerWorker.runSuite(SuiteRunnerWorker.java:52)
at org.testng.SuiteRunnerWorker.run(SuiteRunnerWorker.java:84)
at org.testng.TestNG.runSuitesSequentially(TestNG.java:1208)
at org.testng.TestNG.runSuitesLocally(TestNG.java:1137)
at org.testng.TestNG.runSuites(TestNG.java:1049)
at org.testng.TestNG.run(TestNG.java:1017)
at org.testng.remote.AbstractRemoteTestNG.run(AbstractRemoteTestNG.java:132)
at org.testng.remote.RemoteTestNG.initAndRun(RemoteTestNG.java:230)
at org.testng.remote.RemoteTestNG.main(RemoteTestNG.java:76)
]]>
            </full-stacktrace>
          </exception> <!-- org.openqa.selenium.SessionNotCreatedException -->
          <reporter-output>
          </reporter-output>
        </test-method> <!-- setup -->
      </class> <!-- Browserlaunch -->
    </test> <!-- Test -->
  </suite> <!-- Suite -->
</testng-results>
