<?xml version="1.0" encoding="UTF-8"?>
<!-- Generated by org.testng.reporters.JUnitXMLReporter -->
<testsuite hostname="Jaspreet-VAIO" ignored="0" tests="1" failures="1" timestamp="24 Aug 2019 04:16:34 GMT" time="11.544" errors="0">
  <testcase name="setup" time="11.451" classname="Browserlaunch">
    <failure type="org.openqa.selenium.SessionNotCreatedException" message="session not created
from chrome not reachable
  (Session info: chrome=76.0.3809.100)
Build info: version: &amp;apos;3.141.59&amp;apos;, revision: &amp;apos;e82be7d358&amp;apos;, time: &amp;apos;2018-11-14T08:17:03&amp;apos;
System info: host: &amp;apos;JASPREET-VAIO&amp;apos;, ip: &amp;apos;192.168.1.85&amp;apos;, os.name: &amp;apos;Windows 7&amp;apos;, os.arch: &amp;apos;amd64&amp;apos;, os.version: &amp;apos;6.1&amp;apos;, java.version: &amp;apos;1.8.0_221&amp;apos;
Driver info: driver.version: ChromeDriver
remote stacktrace: Backtrace:
	Ordinal0 [0x01537C93+1473683]
	Ordinal0 [0x014BADB1+961969]
	Ordinal0 [0x0144418C+475532]
	Ordinal0 [0x0143DB1A+449306]
	Ordinal0 [0x0143E1B8+451000]
	Ordinal0 [0x0143F2C5+455365]
	Ordinal0 [0x0143B4C5+439493]
	Ordinal0 [0x01444F40+479040]
	Ordinal0 [0x013F98FE+170238]
	Ordinal0 [0x013F8D1D+167197]
	Ordinal0 [0x013F742B+160811]
	Ordinal0 [0x013E0AE6+68326]
	Ordinal0 [0x013E1BF0+72688]
	Ordinal0 [0x013E1B89+72585]
	Ordinal0 [0x014D4B77+1067895]
	GetHandleVerifier [0x015D6875+506677]
	GetHandleVerifier [0x015D6610+506064]
	GetHandleVerifier [0x015DD1B8+533624]
	GetHandleVerifier [0x015D704A+508682]
	Ordinal0 [0x014CC266+1032806]
	Ordinal0 [0x014CC0DF+1032415]
	Ordinal0 [0x014D6A8B+1075851]
	Ordinal0 [0x014D6BF3+1076211]
	Ordinal0 [0x014D5BA5+1072037]
	BaseThreadInitThunk [0x76C3343D+18]
	RtlInitializeExceptionChain [0x77349802+99]
	RtlInitializeExceptionChain [0x773497D5+54]
">
      <![CDATA[org.openqa.selenium.SessionNotCreatedException: session not created
from chrome not reachable
  (Session info: chrome=76.0.3809.100)
Build info: version: '3.141.59', revision: 'e82be7d358', time: '2018-11-14T08:17:03'
System info: host: 'JASPREET-VAIO', ip: '192.168.1.85', os.name: 'Windows 7', os.arch: 'amd64', os.version: '6.1', java.version: '1.8.0_221'
Driver info: driver.version: ChromeDriver
remote stacktrace: Backtrace:
Ordinal0 [0x01537C93+1473683]
Ordinal0 [0x014BADB1+961969]
Ordinal0 [0x0144418C+475532]
Ordinal0 [0x0143DB1A+449306]
Ordinal0 [0x0143E1B8+451000]
Ordinal0 [0x0143F2C5+455365]
Ordinal0 [0x0143B4C5+439493]
Ordinal0 [0x01444F40+479040]
Ordinal0 [0x013F98FE+170238]
Ordinal0 [0x013F8D1D+167197]
Ordinal0 [0x013F742B+160811]
Ordinal0 [0x013E0AE6+68326]
Ordinal0 [0x013E1BF0+72688]
Ordinal0 [0x013E1B89+72585]
Ordinal0 [0x014D4B77+1067895]
GetHandleVerifier [0x015D6875+506677]
GetHandleVerifier [0x015D6610+506064]
GetHandleVerifier [0x015DD1B8+533624]
GetHandleVerifier [0x015D704A+508682]
Ordinal0 [0x014CC266+1032806]
Ordinal0 [0x014CC0DF+1032415]
Ordinal0 [0x014D6A8B+1075851]
Ordinal0 [0x014D6BF3+1076211]
Ordinal0 [0x014D5BA5+1072037]
BaseThreadInitThunk [0x76C3343D+18]
RtlInitializeExceptionChain [0x77349802+99]
RtlInitializeExceptionChain [0x773497D5+54]

at org.openqa.selenium.remote.W3CHandshakeResponse.lambda$errorHandler$0(W3CHandshakeResponse.java:62)
at org.openqa.selenium.remote.HandshakeResponse.lambda$getResponseFunction$0(HandshakeResponse.java:30)
at org.openqa.selenium.remote.ProtocolHandshake.lambda$createSession$0(ProtocolHandshake.java:126)
at java.util.stream.ReferencePipeline$3$1.accept(Unknown Source)
at java.util.Spliterators$ArraySpliterator.tryAdvance(Unknown Source)
at java.util.stream.ReferencePipeline.forEachWithCancel(Unknown Source)
at java.util.stream.AbstractPipeline.copyIntoWithCancel(Unknown Source)
at java.util.stream.AbstractPipeline.copyInto(Unknown Source)
at java.util.stream.AbstractPipeline.wrapAndCopyInto(Unknown Source)
at java.util.stream.FindOps$FindOp.evaluateSequential(Unknown Source)
at java.util.stream.AbstractPipeline.evaluate(Unknown Source)
at java.util.stream.ReferencePipeline.findFirst(Unknown Source)
at org.openqa.selenium.remote.ProtocolHandshake.createSession(ProtocolHandshake.java:128)
at org.openqa.selenium.remote.ProtocolHandshake.createSession(ProtocolHandshake.java:74)
at org.openqa.selenium.remote.HttpCommandExecutor.execute(HttpCommandExecutor.java:136)
at org.openqa.selenium.remote.service.DriverCommandExecutor.execute(DriverCommandExecutor.java:83)
at org.openqa.selenium.remote.RemoteWebDriver.execute(RemoteWebDriver.java:552)
at org.openqa.selenium.remote.RemoteWebDriver.startSession(RemoteWebDriver.java:213)
at org.openqa.selenium.remote.RemoteWebDriver.<init>(RemoteWebDriver.java:131)
at org.openqa.selenium.chrome.ChromeDriver.<init>(ChromeDriver.java:181)
at org.openqa.selenium.chrome.ChromeDriver.<init>(ChromeDriver.java:168)
at org.openqa.selenium.chrome.ChromeDriver.<init>(ChromeDriver.java:123)
at Browserlaunch.setup(Browserlaunch.java:14)
... Removed 29 stack frames]]>
    </failure>
  </testcase> <!-- setup -->
</testsuite>
